<?xml version="1.0" encoding="UTF-8"?>
<!-- Generated by org.testng.reporters.JUnitXMLReporter -->
<testsuite hostname="DESKTOP-ESA7JB4" ignored="0" name="Demo Guru99" tests="5" failures="0" timestamp="12 Apr 2019 05:14:36 GMT" time="82.172" errors="0">
  <testcase name="demoLogin" time="1.489" classname="com.DemoGuru.testcases.TC_guru_login"/>
  <testcase name="addNewCustomer" time="12.738" classname="com.DemoGuru.testcases.TC_AddNewCustomer"/>
  <testcase name="projectList" time="10.246" classname="com.DemoGuru.testcases.TC_ProjectList"/>
  <testcase name="getmenulist" time="1.907" classname="com.DemoGuru.testcases.TC_MenulistItems"/>
  <testcase name="dropdownProjects" time="2.533" classname="com.DemoGuru.testcases.TC_ProjectDropdownTopics"/>
</testsuite> <!-- Demo Guru99 -->
