<?xml version="1.0" encoding="UTF-8"?>
<!-- Generated by org.testng.reporters.JUnitXMLReporter -->
<testsuite hostname="DESKTOP-ESA7JB4" ignored="0" name="Demo Guru99" tests="6" failures="0" timestamp="16 Apr 2019 11:29:14 GMT" time="60.037" errors="0">
  <testcase name="Login" time="1.265" classname="com.DemoGuru.testcases.TC_Login"/>
  <testcase name="addNewCustomer" time="5.182" classname="com.DemoGuru.testcases.TC_AddNewCustomer"/>
  <testcase name="projectList" time="2.604" classname="com.DemoGuru.testcases.TC_ProjectList"/>
  <testcase name="getmenulist" time="1.501" classname="com.DemoGuru.testcases.TC_MenulistItems"/>
  <testcase name="dropdownProjects" time="1.902" classname="com.DemoGuru.testcases.TC_ProjectDropdownTopics"/>
  <testcase name="InsuranceRegisterTest" time="11.495" classname="com.DemoGuru.testcases.TC_InsuranceProjectRegister"/>
</testsuite> <!-- Demo Guru99 -->
