<?xml version="1.0" encoding="UTF-8"?>
<testng-results skipped="0" failed="0" ignored="0" total="1" passed="1">
  <reporter-output>
  </reporter-output>
  <suite name="Default suite" duration-ms="7871" started-at="2019-04-12T12:31:43Z" finished-at="2019-04-12T12:31:51Z">
    <groups>
    </groups>
    <test name="Default test" duration-ms="7871" started-at="2019-04-12T12:31:43Z" finished-at="2019-04-12T12:31:51Z">
      <class name="com.DemoGuru.testcases.TC_ProjectDropdownTopics">
        <test-method status="PASS" signature="setup()[pri:0, instance:com.DemoGuru.testcases.TC_ProjectDropdownTopics@7d9d1a19]" name="setup" is-config="true" duration-ms="5941" started-at="2019-04-12T12:31:43Z" finished-at="2019-04-12T12:31:49Z">
          <reporter-output>
          </reporter-output>
        </test-method> <!-- setup -->
        <test-method status="PASS" signature="dropdownProjects()[pri:0, instance:com.DemoGuru.testcases.TC_ProjectDropdownTopics@7d9d1a19]" name="dropdownProjects" duration-ms="1914" started-at="2019-04-12T12:31:49Z" finished-at="2019-04-12T12:31:51Z">
          <reporter-output>
          </reporter-output>
        </test-method> <!-- dropdownProjects -->
      </class> <!-- com.DemoGuru.testcases.TC_ProjectDropdownTopics -->
    </test> <!-- Default test -->
  </suite> <!-- Default suite -->
</testng-results>
