<?xml version="1.0" encoding="UTF-8"?>
<!-- Generated by org.testng.reporters.JUnitXMLReporter -->
<testsuite hostname="DESKTOP-ESA7JB4" ignored="0" name="Demo Guru99" tests="3" failures="0" timestamp="11 Apr 2019 05:12:37 GMT" time="23.358" errors="0">
  <testcase name="demoLogin" time="1.703" classname="com.DemoGuru.testcases.TC_guru_login"/>
  <testcase name="addNewCustomer" time="3.805" classname="com.DemoGuru.testcases.TC_AddNewCustomer"/>
  <testcase name="getmenulist" time="1.314" classname="com.DemoGuru.testcases.TC_MenulistItems"/>
</testsuite> <!-- Demo Guru99 -->
